[0.476s] Invoking command in '/home/supan/RT/Perception/Summer_Assignment/src/conecluster': PYTHONPATH=/home/supan/RT/Perception/Summer_Assignment/build/conecluster/prefix_override:/usr/lib/python3/dist-packages/colcon_core/task/python/colcon_distutils_commands:/home/supan/RT/Perception/Summer_Assignment/install/conecluster/lib/python3.10/site-packages:${PYTHONPATH} /usr/bin/python3 -W ignore:setup.py install is deprecated -W ignore:easy_install command is deprecated setup.py egg_info --egg-base ../../build/conecluster build --build-base /home/supan/RT/Perception/Summer_Assignment/build/conecluster/build install --record /home/supan/RT/Perception/Summer_Assignment/build/conecluster/install.log --single-version-externally-managed install_data
[0.655s] running egg_info
[0.656s] writing ../../build/conecluster/conecluster.egg-info/PKG-INFO
[0.656s] writing dependency_links to ../../build/conecluster/conecluster.egg-info/dependency_links.txt
[0.656s] writing entry points to ../../build/conecluster/conecluster.egg-info/entry_points.txt
[0.656s] writing requirements to ../../build/conecluster/conecluster.egg-info/requires.txt
[0.656s] writing top-level names to ../../build/conecluster/conecluster.egg-info/top_level.txt
[0.657s] reading manifest file '../../build/conecluster/conecluster.egg-info/SOURCES.txt'
[0.658s] writing manifest file '../../build/conecluster/conecluster.egg-info/SOURCES.txt'
[0.658s] running build
[0.658s] running build_py
[0.658s] copying conecluster/ass23.py -> /home/supan/RT/Perception/Summer_Assignment/build/conecluster/build/lib/conecluster
[0.658s] running install
[0.658s] running install_lib
[0.659s] copying /home/supan/RT/Perception/Summer_Assignment/build/conecluster/build/lib/conecluster/ass23.py -> /home/supan/RT/Perception/Summer_Assignment/install/conecluster/lib/python3.10/site-packages/conecluster
[0.659s] byte-compiling /home/supan/RT/Perception/Summer_Assignment/install/conecluster/lib/python3.10/site-packages/conecluster/ass23.py to ass23.cpython-310.pyc
[0.660s] running install_data
[0.660s] running install_egg_info
[0.661s] removing '/home/supan/RT/Perception/Summer_Assignment/install/conecluster/lib/python3.10/site-packages/conecluster-0.0.0-py3.10.egg-info' (and everything under it)
[0.661s] Copying ../../build/conecluster/conecluster.egg-info to /home/supan/RT/Perception/Summer_Assignment/install/conecluster/lib/python3.10/site-packages/conecluster-0.0.0-py3.10.egg-info
[0.662s] running install_scripts
[0.675s] Installing cc script to /home/supan/RT/Perception/Summer_Assignment/install/conecluster/lib/conecluster
[0.675s] Installing cc2 script to /home/supan/RT/Perception/Summer_Assignment/install/conecluster/lib/conecluster
[0.675s] Installing cc3 script to /home/supan/RT/Perception/Summer_Assignment/install/conecluster/lib/conecluster
[0.675s] Installing cc4 script to /home/supan/RT/Perception/Summer_Assignment/install/conecluster/lib/conecluster
[0.675s] writing list of installed files to '/home/supan/RT/Perception/Summer_Assignment/build/conecluster/install.log'
[0.698s] Invoked command in '/home/supan/RT/Perception/Summer_Assignment/src/conecluster' returned '0': PYTHONPATH=/home/supan/RT/Perception/Summer_Assignment/build/conecluster/prefix_override:/usr/lib/python3/dist-packages/colcon_core/task/python/colcon_distutils_commands:/home/supan/RT/Perception/Summer_Assignment/install/conecluster/lib/python3.10/site-packages:${PYTHONPATH} /usr/bin/python3 -W ignore:setup.py install is deprecated -W ignore:easy_install command is deprecated setup.py egg_info --egg-base ../../build/conecluster build --build-base /home/supan/RT/Perception/Summer_Assignment/build/conecluster/build install --record /home/supan/RT/Perception/Summer_Assignment/build/conecluster/install.log --single-version-externally-managed install_data
