[0.575s] Invoking command in '/home/supan/RT/Perception/checkpoint 2/src/conecluster': PYTHONPATH=/home/supan/RT/Perception/checkpoint 2/build/conecluster/prefix_override:/usr/lib/python3/dist-packages/colcon_core/task/python/colcon_distutils_commands:/home/supan/RT/Perception/checkpoint 2/install/conecluster/lib/python3.10/site-packages:${PYTHONPATH} /usr/bin/python3 -W ignore:setup.py install is deprecated -W ignore:easy_install command is deprecated setup.py egg_info --egg-base ../../build/conecluster build --build-base /home/supan/RT/Perception/checkpoint 2/build/conecluster/build install --record /home/supan/RT/Perception/checkpoint 2/build/conecluster/install.log --single-version-externally-managed install_data
[0.772s] running egg_info
[0.772s] creating ../../build/conecluster/conecluster.egg-info
[0.772s] writing ../../build/conecluster/conecluster.egg-info/PKG-INFO
[0.773s] writing dependency_links to ../../build/conecluster/conecluster.egg-info/dependency_links.txt
[0.773s] writing entry points to ../../build/conecluster/conecluster.egg-info/entry_points.txt
[0.773s] writing requirements to ../../build/conecluster/conecluster.egg-info/requires.txt
[0.773s] writing top-level names to ../../build/conecluster/conecluster.egg-info/top_level.txt
[0.773s] writing manifest file '../../build/conecluster/conecluster.egg-info/SOURCES.txt'
[0.774s] reading manifest file '../../build/conecluster/conecluster.egg-info/SOURCES.txt'
[0.774s] writing manifest file '../../build/conecluster/conecluster.egg-info/SOURCES.txt'
[0.775s] running build
[0.775s] running build_py
[0.775s] creating /home/supan/RT/Perception/checkpoint 2/build/conecluster/build
[0.775s] creating /home/supan/RT/Perception/checkpoint 2/build/conecluster/build/lib
[0.775s] creating /home/supan/RT/Perception/checkpoint 2/build/conecluster/build/lib/conecluster
[0.775s] copying conecluster/ass2.py -> /home/supan/RT/Perception/checkpoint 2/build/conecluster/build/lib/conecluster
[0.775s] copying conecluster/__init__.py -> /home/supan/RT/Perception/checkpoint 2/build/conecluster/build/lib/conecluster
[0.775s] running install
[0.775s] running install_lib
[0.776s] creating /home/supan/RT/Perception/checkpoint 2/install/conecluster/lib/python3.10/site-packages/conecluster
[0.776s] copying /home/supan/RT/Perception/checkpoint 2/build/conecluster/build/lib/conecluster/ass2.py -> /home/supan/RT/Perception/checkpoint 2/install/conecluster/lib/python3.10/site-packages/conecluster
[0.776s] copying /home/supan/RT/Perception/checkpoint 2/build/conecluster/build/lib/conecluster/__init__.py -> /home/supan/RT/Perception/checkpoint 2/install/conecluster/lib/python3.10/site-packages/conecluster
[0.776s] byte-compiling /home/supan/RT/Perception/checkpoint 2/install/conecluster/lib/python3.10/site-packages/conecluster/ass2.py to ass2.cpython-310.pyc
[0.777s] byte-compiling /home/supan/RT/Perception/checkpoint 2/install/conecluster/lib/python3.10/site-packages/conecluster/__init__.py to __init__.cpython-310.pyc
[0.777s] running install_data
[0.777s] creating /home/supan/RT/Perception/checkpoint 2/install/conecluster/share/ament_index
[0.777s] creating /home/supan/RT/Perception/checkpoint 2/install/conecluster/share/ament_index/resource_index
[0.777s] creating /home/supan/RT/Perception/checkpoint 2/install/conecluster/share/ament_index/resource_index/packages
[0.777s] copying resource/conecluster -> /home/supan/RT/Perception/checkpoint 2/install/conecluster/share/ament_index/resource_index/packages
[0.777s] copying package.xml -> /home/supan/RT/Perception/checkpoint 2/install/conecluster/share/conecluster
[0.777s] running install_egg_info
[0.778s] Copying ../../build/conecluster/conecluster.egg-info to /home/supan/RT/Perception/checkpoint 2/install/conecluster/lib/python3.10/site-packages/conecluster-0.0.0-py3.10.egg-info
[0.779s] running install_scripts
[0.795s] Installing cc script to /home/supan/RT/Perception/checkpoint 2/install/conecluster/lib/conecluster
[0.795s] writing list of installed files to '/home/supan/RT/Perception/checkpoint 2/build/conecluster/install.log'
[0.833s] Invoked command in '/home/supan/RT/Perception/checkpoint 2/src/conecluster' returned '0': PYTHONPATH=/home/supan/RT/Perception/checkpoint 2/build/conecluster/prefix_override:/usr/lib/python3/dist-packages/colcon_core/task/python/colcon_distutils_commands:/home/supan/RT/Perception/checkpoint 2/install/conecluster/lib/python3.10/site-packages:${PYTHONPATH} /usr/bin/python3 -W ignore:setup.py install is deprecated -W ignore:easy_install command is deprecated setup.py egg_info --egg-base ../../build/conecluster build --build-base /home/supan/RT/Perception/checkpoint 2/build/conecluster/build install --record /home/supan/RT/Perception/checkpoint 2/build/conecluster/install.log --single-version-externally-managed install_data
