[0.861s] Invoking command in '/home/supan/RT/Perception/Summer_Assignment/build/conecluster': PYTHONPATH=/home/supan/RT/Perception/Summer_Assignment/build/conecluster/prefix_override:/usr/lib/python3/dist-packages/colcon_core/task/python/colcon_distutils_commands:/home/supan/RT/Perception/Summer_Assignment/install/conecluster/lib/python3.10/site-packages:${PYTHONPATH} /usr/bin/python3 -W ignore:setup.py install is deprecated -W ignore:easy_install command is deprecated setup.py develop --editable --build-directory /home/supan/RT/Perception/Summer_Assignment/build/conecluster/build --no-deps symlink_data --force
[1.191s] running develop
[1.415s] running egg_info
[1.415s] writing conecluster.egg-info/PKG-INFO
[1.415s] writing dependency_links to conecluster.egg-info/dependency_links.txt
[1.415s] writing entry points to conecluster.egg-info/entry_points.txt
[1.415s] writing requirements to conecluster.egg-info/requires.txt
[1.415s] writing top-level names to conecluster.egg-info/top_level.txt
[1.418s] reading manifest file 'conecluster.egg-info/SOURCES.txt'
[1.418s] writing manifest file 'conecluster.egg-info/SOURCES.txt'
[1.420s] running build_ext
[1.420s] Creating /home/supan/RT/Perception/Summer_Assignment/install/conecluster/lib/python3.10/site-packages/conecluster.egg-link (link to .)
[1.421s] Installing cc script to /home/supan/RT/Perception/Summer_Assignment/install/conecluster/lib/conecluster
[1.421s] Installing cc2 script to /home/supan/RT/Perception/Summer_Assignment/install/conecluster/lib/conecluster
[1.421s] Installing cc3 script to /home/supan/RT/Perception/Summer_Assignment/install/conecluster/lib/conecluster
[1.421s] Installing cc4 script to /home/supan/RT/Perception/Summer_Assignment/install/conecluster/lib/conecluster
[1.422s] 
[1.422s] Installed /home/supan/RT/Perception/Summer_Assignment/build/conecluster
[1.422s] running symlink_data
[1.422s] symbolically linking /home/supan/RT/Perception/Summer_Assignment/build/conecluster/package.xml -> /home/supan/RT/Perception/Summer_Assignment/install/conecluster/share/conecluster
[1.461s] Invoked command in '/home/supan/RT/Perception/Summer_Assignment/build/conecluster' returned '0': PYTHONPATH=/home/supan/RT/Perception/Summer_Assignment/build/conecluster/prefix_override:/usr/lib/python3/dist-packages/colcon_core/task/python/colcon_distutils_commands:/home/supan/RT/Perception/Summer_Assignment/install/conecluster/lib/python3.10/site-packages:${PYTHONPATH} /usr/bin/python3 -W ignore:setup.py install is deprecated -W ignore:easy_install command is deprecated setup.py develop --editable --build-directory /home/supan/RT/Perception/Summer_Assignment/build/conecluster/build --no-deps symlink_data --force
