running develop
Removing /home/supan/RT/Perception/Summer_Assignment/install/conecluster/lib/python3.10/site-packages/conecluster.egg-link (link to .)
running egg_info
writing ../../build/conecluster/conecluster.egg-info/PKG-INFO
writing dependency_links to ../../build/conecluster/conecluster.egg-info/dependency_links.txt
writing entry points to ../../build/conecluster/conecluster.egg-info/entry_points.txt
writing requirements to ../../build/conecluster/conecluster.egg-info/requires.txt
writing top-level names to ../../build/conecluster/conecluster.egg-info/top_level.txt
reading manifest file '../../build/conecluster/conecluster.egg-info/SOURCES.txt'
writing manifest file '../../build/conecluster/conecluster.egg-info/SOURCES.txt'
running build
running build_py
copying conecluster/ass2.py -> /home/supan/RT/Perception/Summer_Assignment/build/conecluster/build/lib/conecluster
copying conecluster/ass23.py -> /home/supan/RT/Perception/Summer_Assignment/build/conecluster/build/lib/conecluster
running install
running install_lib
creating /home/supan/RT/Perception/Summer_Assignment/install/conecluster/lib/python3.10/site-packages/conecluster
copying /home/supan/RT/Perception/Summer_Assignment/build/conecluster/build/lib/conecluster/ass21.py -> /home/supan/RT/Perception/Summer_Assignment/install/conecluster/lib/python3.10/site-packages/conecluster
copying /home/supan/RT/Perception/Summer_Assignment/build/conecluster/build/lib/conecluster/ass2.py -> /home/supan/RT/Perception/Summer_Assignment/install/conecluster/lib/python3.10/site-packages/conecluster
copying /home/supan/RT/Perception/Summer_Assignment/build/conecluster/build/lib/conecluster/ass23.py -> /home/supan/RT/Perception/Summer_Assignment/install/conecluster/lib/python3.10/site-packages/conecluster
copying /home/supan/RT/Perception/Summer_Assignment/build/conecluster/build/lib/conecluster/ass22.py -> /home/supan/RT/Perception/Summer_Assignment/install/conecluster/lib/python3.10/site-packages/conecluster
copying /home/supan/RT/Perception/Summer_Assignment/build/conecluster/build/lib/conecluster/__init__.py -> /home/supan/RT/Perception/Summer_Assignment/install/conecluster/lib/python3.10/site-packages/conecluster
byte-compiling /home/supan/RT/Perception/Summer_Assignment/install/conecluster/lib/python3.10/site-packages/conecluster/ass21.py to ass21.cpython-310.pyc
byte-compiling /home/supan/RT/Perception/Summer_Assignment/install/conecluster/lib/python3.10/site-packages/conecluster/ass2.py to ass2.cpython-310.pyc
byte-compiling /home/supan/RT/Perception/Summer_Assignment/install/conecluster/lib/python3.10/site-packages/conecluster/ass23.py to ass23.cpython-310.pyc
byte-compiling /home/supan/RT/Perception/Summer_Assignment/install/conecluster/lib/python3.10/site-packages/conecluster/ass22.py to ass22.cpython-310.pyc
byte-compiling /home/supan/RT/Perception/Summer_Assignment/install/conecluster/lib/python3.10/site-packages/conecluster/__init__.py to __init__.cpython-310.pyc
running install_data
copying package.xml -> /home/supan/RT/Perception/Summer_Assignment/install/conecluster/share/conecluster
running install_egg_info
Copying ../../build/conecluster/conecluster.egg-info to /home/supan/RT/Perception/Summer_Assignment/install/conecluster/lib/python3.10/site-packages/conecluster-0.0.0-py3.10.egg-info
running install_scripts
Installing cc script to /home/supan/RT/Perception/Summer_Assignment/install/conecluster/lib/conecluster
Installing cc2 script to /home/supan/RT/Perception/Summer_Assignment/install/conecluster/lib/conecluster
Installing cc3 script to /home/supan/RT/Perception/Summer_Assignment/install/conecluster/lib/conecluster
Installing cc4 script to /home/supan/RT/Perception/Summer_Assignment/install/conecluster/lib/conecluster
writing list of installed files to '/home/supan/RT/Perception/Summer_Assignment/build/conecluster/install.log'
