[0.491s] Invoking command in '/home/supan/RT/Perception/Summer_Assignment/build/conecluster': PYTHONPATH=/home/supan/RT/Perception/Summer_Assignment/build/conecluster/prefix_override:/usr/lib/python3/dist-packages/colcon_core/task/python/colcon_distutils_commands:/home/supan/RT/Perception/Summer_Assignment/install/conecluster/lib/python3.10/site-packages:${PYTHONPATH} /usr/bin/python3 -W ignore:setup.py install is deprecated -W ignore:easy_install command is deprecated setup.py develop --uninstall --editable --build-directory /home/supan/RT/Perception/Summer_Assignment/build/conecluster/build
[0.673s] running develop
[0.788s] Removing /home/supan/RT/Perception/Summer_Assignment/install/conecluster/lib/python3.10/site-packages/conecluster.egg-link (link to .)
[0.812s] Invoked command in '/home/supan/RT/Perception/Summer_Assignment/build/conecluster' returned '0': PYTHONPATH=/home/supan/RT/Perception/Summer_Assignment/build/conecluster/prefix_override:/usr/lib/python3/dist-packages/colcon_core/task/python/colcon_distutils_commands:/home/supan/RT/Perception/Summer_Assignment/install/conecluster/lib/python3.10/site-packages:${PYTHONPATH} /usr/bin/python3 -W ignore:setup.py install is deprecated -W ignore:easy_install command is deprecated setup.py develop --uninstall --editable --build-directory /home/supan/RT/Perception/Summer_Assignment/build/conecluster/build
[0.813s] Invoking command in '/home/supan/RT/Perception/Summer_Assignment/src/conecluster': PYTHONPATH=/home/supan/RT/Perception/Summer_Assignment/build/conecluster/prefix_override:/usr/lib/python3/dist-packages/colcon_core/task/python/colcon_distutils_commands:/home/supan/RT/Perception/Summer_Assignment/install/conecluster/lib/python3.10/site-packages:${PYTHONPATH} /usr/bin/python3 -W ignore:setup.py install is deprecated -W ignore:easy_install command is deprecated setup.py egg_info --egg-base ../../build/conecluster build --build-base /home/supan/RT/Perception/Summer_Assignment/build/conecluster/build install --record /home/supan/RT/Perception/Summer_Assignment/build/conecluster/install.log --single-version-externally-managed install_data --force
[0.982s] running egg_info
[0.982s] writing ../../build/conecluster/conecluster.egg-info/PKG-INFO
[0.983s] writing dependency_links to ../../build/conecluster/conecluster.egg-info/dependency_links.txt
[0.983s] writing entry points to ../../build/conecluster/conecluster.egg-info/entry_points.txt
[0.983s] writing requirements to ../../build/conecluster/conecluster.egg-info/requires.txt
[0.983s] writing top-level names to ../../build/conecluster/conecluster.egg-info/top_level.txt
[0.984s] reading manifest file '../../build/conecluster/conecluster.egg-info/SOURCES.txt'
[0.990s] writing manifest file '../../build/conecluster/conecluster.egg-info/SOURCES.txt'
[0.990s] running build
[0.990s] running build_py
[0.990s] copying conecluster/ass21.py -> /home/supan/RT/Perception/Summer_Assignment/build/conecluster/build/lib/conecluster
[0.991s] copying conecluster/ass23.py -> /home/supan/RT/Perception/Summer_Assignment/build/conecluster/build/lib/conecluster
[0.991s] copying conecluster/ass22.py -> /home/supan/RT/Perception/Summer_Assignment/build/conecluster/build/lib/conecluster
[0.991s] running install
[0.991s] running install_lib
[0.991s] creating /home/supan/RT/Perception/Summer_Assignment/install/conecluster/lib/python3.10/site-packages/conecluster
[0.991s] copying /home/supan/RT/Perception/Summer_Assignment/build/conecluster/build/lib/conecluster/ass21.py -> /home/supan/RT/Perception/Summer_Assignment/install/conecluster/lib/python3.10/site-packages/conecluster
[0.991s] copying /home/supan/RT/Perception/Summer_Assignment/build/conecluster/build/lib/conecluster/ass2.py -> /home/supan/RT/Perception/Summer_Assignment/install/conecluster/lib/python3.10/site-packages/conecluster
[0.992s] copying /home/supan/RT/Perception/Summer_Assignment/build/conecluster/build/lib/conecluster/ass23.py -> /home/supan/RT/Perception/Summer_Assignment/install/conecluster/lib/python3.10/site-packages/conecluster
[0.992s] copying /home/supan/RT/Perception/Summer_Assignment/build/conecluster/build/lib/conecluster/ass22.py -> /home/supan/RT/Perception/Summer_Assignment/install/conecluster/lib/python3.10/site-packages/conecluster
[0.992s] copying /home/supan/RT/Perception/Summer_Assignment/build/conecluster/build/lib/conecluster/__init__.py -> /home/supan/RT/Perception/Summer_Assignment/install/conecluster/lib/python3.10/site-packages/conecluster
[0.992s] byte-compiling /home/supan/RT/Perception/Summer_Assignment/install/conecluster/lib/python3.10/site-packages/conecluster/ass21.py to ass21.cpython-310.pyc
[0.992s] byte-compiling /home/supan/RT/Perception/Summer_Assignment/install/conecluster/lib/python3.10/site-packages/conecluster/ass2.py to ass2.cpython-310.pyc
[0.993s] byte-compiling /home/supan/RT/Perception/Summer_Assignment/install/conecluster/lib/python3.10/site-packages/conecluster/ass23.py to ass23.cpython-310.pyc
[0.993s] byte-compiling /home/supan/RT/Perception/Summer_Assignment/install/conecluster/lib/python3.10/site-packages/conecluster/ass22.py to ass22.cpython-310.pyc
[0.994s] byte-compiling /home/supan/RT/Perception/Summer_Assignment/install/conecluster/lib/python3.10/site-packages/conecluster/__init__.py to __init__.cpython-310.pyc
[0.994s] running install_data
[0.994s] copying package.xml -> /home/supan/RT/Perception/Summer_Assignment/install/conecluster/share/conecluster
[0.994s] running install_egg_info
[0.995s] Copying ../../build/conecluster/conecluster.egg-info to /home/supan/RT/Perception/Summer_Assignment/install/conecluster/lib/python3.10/site-packages/conecluster-0.0.0-py3.10.egg-info
[0.996s] running install_scripts
[1.009s] Installing cc script to /home/supan/RT/Perception/Summer_Assignment/install/conecluster/lib/conecluster
[1.009s] Installing cc2 script to /home/supan/RT/Perception/Summer_Assignment/install/conecluster/lib/conecluster
[1.010s] Installing cc3 script to /home/supan/RT/Perception/Summer_Assignment/install/conecluster/lib/conecluster
[1.010s] Installing cc4 script to /home/supan/RT/Perception/Summer_Assignment/install/conecluster/lib/conecluster
[1.010s] writing list of installed files to '/home/supan/RT/Perception/Summer_Assignment/build/conecluster/install.log'
[1.034s] Invoked command in '/home/supan/RT/Perception/Summer_Assignment/src/conecluster' returned '0': PYTHONPATH=/home/supan/RT/Perception/Summer_Assignment/build/conecluster/prefix_override:/usr/lib/python3/dist-packages/colcon_core/task/python/colcon_distutils_commands:/home/supan/RT/Perception/Summer_Assignment/install/conecluster/lib/python3.10/site-packages:${PYTHONPATH} /usr/bin/python3 -W ignore:setup.py install is deprecated -W ignore:easy_install command is deprecated setup.py egg_info --egg-base ../../build/conecluster build --build-base /home/supan/RT/Perception/Summer_Assignment/build/conecluster/build install --record /home/supan/RT/Perception/Summer_Assignment/build/conecluster/install.log --single-version-externally-managed install_data --force
