[0.445s] Invoking command in '/home/supan/RT/Perception/Summer_Assignment/src/conecluster': PYTHONPATH=/home/supan/RT/Perception/Summer_Assignment/build/conecluster/prefix_override:/usr/lib/python3/dist-packages/colcon_core/task/python/colcon_distutils_commands:/home/supan/RT/Perception/Summer_Assignment/install/conecluster/lib/python3.10/site-packages:${PYTHONPATH} /usr/bin/python3 -W ignore:setup.py install is deprecated -W ignore:easy_install command is deprecated setup.py egg_info --egg-base ../../build/conecluster build --build-base /home/supan/RT/Perception/Summer_Assignment/build/conecluster/build install --record /home/supan/RT/Perception/Summer_Assignment/build/conecluster/install.log --single-version-externally-managed install_data
[0.641s] running egg_info
[0.642s] writing ../../build/conecluster/conecluster.egg-info/PKG-INFO
[0.642s] writing dependency_links to ../../build/conecluster/conecluster.egg-info/dependency_links.txt
[0.642s] writing entry points to ../../build/conecluster/conecluster.egg-info/entry_points.txt
[0.642s] writing requirements to ../../build/conecluster/conecluster.egg-info/requires.txt
[0.643s] writing top-level names to ../../build/conecluster/conecluster.egg-info/top_level.txt
[0.645s] reading manifest file '../../build/conecluster/conecluster.egg-info/SOURCES.txt'
[0.646s] writing manifest file '../../build/conecluster/conecluster.egg-info/SOURCES.txt'
[0.646s] running build
[0.646s] running build_py
[0.647s] running install
[0.647s] running install_lib
[0.649s] running install_data
[0.649s] running install_egg_info
[0.651s] removing '/home/supan/RT/Perception/Summer_Assignment/install/conecluster/lib/python3.10/site-packages/conecluster-0.0.0-py3.10.egg-info' (and everything under it)
[0.652s] Copying ../../build/conecluster/conecluster.egg-info to /home/supan/RT/Perception/Summer_Assignment/install/conecluster/lib/python3.10/site-packages/conecluster-0.0.0-py3.10.egg-info
[0.653s] running install_scripts
[0.669s] Installing cc script to /home/supan/RT/Perception/Summer_Assignment/install/conecluster/lib/conecluster
[0.669s] Installing try script to /home/supan/RT/Perception/Summer_Assignment/install/conecluster/lib/conecluster
[0.669s] writing list of installed files to '/home/supan/RT/Perception/Summer_Assignment/build/conecluster/install.log'
[0.702s] Invoked command in '/home/supan/RT/Perception/Summer_Assignment/src/conecluster' returned '0': PYTHONPATH=/home/supan/RT/Perception/Summer_Assignment/build/conecluster/prefix_override:/usr/lib/python3/dist-packages/colcon_core/task/python/colcon_distutils_commands:/home/supan/RT/Perception/Summer_Assignment/install/conecluster/lib/python3.10/site-packages:${PYTHONPATH} /usr/bin/python3 -W ignore:setup.py install is deprecated -W ignore:easy_install command is deprecated setup.py egg_info --egg-base ../../build/conecluster build --build-base /home/supan/RT/Perception/Summer_Assignment/build/conecluster/build install --record /home/supan/RT/Perception/Summer_Assignment/build/conecluster/install.log --single-version-externally-managed install_data
